<?xml version="1.0" encoding="UTF-8"?>
<testsuite name="com.lesson1.AppTest" tests="1" skipped="0" failures="0" errors="0" timestamp="2024-01-04T17:20:37" hostname="ENVY" time="0.004">
  <properties/>
  <testcase name="appHasAGreeting" classname="com.lesson1.AppTest" time="0.004"/>
  <system-out><![CDATA[]]></system-out>
  <system-err><![CDATA[]]></system-err>
</testsuite>
